<?xml version="1.0" encoding="UTF-8"?>
<testng-results ignored="0" total="2" passed="2" failed="0" skipped="0">
  <reporter-output>
  </reporter-output>
  <suite started-at="2020-03-24T00:44:19 IST" name="Default suite" finished-at="2020-03-24T00:45:26 IST" duration-ms="67119">
    <groups>
    </groups>
    <test started-at="2020-03-24T00:44:19 IST" name="Default test" finished-at="2020-03-24T00:45:26 IST" duration-ms="67119">
      <class name="amazon.Chromedriver">
        <test-method is-config="true" signature="beforetest()[pri:0, instance:amazon.Chromedriver@7fc229ab]" started-at="2020-03-24T00:44:19 IST" name="beforetest" finished-at="2020-03-24T00:44:52 IST" duration-ms="33139" status="PASS">
          <reporter-output>
          </reporter-output>
        </test-method> <!-- beforetest -->
        <test-method signature="login()[pri:0, instance:amazon.Chromedriver@7fc229ab]" started-at="2020-03-24T00:44:52 IST" name="login" finished-at="2020-03-24T00:45:05 IST" duration-ms="12972" status="PASS">
          <reporter-output>
          </reporter-output>
        </test-method> <!-- login -->
        <test-method signature="search()[pri:0, instance:amazon.Chromedriver@7fc229ab]" started-at="2020-03-24T00:45:05 IST" name="search" finished-at="2020-03-24T00:45:15 IST" duration-ms="9640" status="PASS">
          <reporter-output>
          </reporter-output>
        </test-method> <!-- search -->
        <test-method is-config="true" signature="aftertest()[pri:0, instance:amazon.Chromedriver@7fc229ab]" started-at="2020-03-24T00:45:15 IST" name="aftertest" finished-at="2020-03-24T00:45:26 IST" duration-ms="11310" status="PASS">
          <reporter-output>
          </reporter-output>
        </test-method> <!-- aftertest -->
      </class> <!-- amazon.Chromedriver -->
    </test> <!-- Default test -->
  </suite> <!-- Default suite -->
</testng-results>
