<?xml version="1.0" encoding="UTF-8"?>
<testng-results ignored="0" total="1" passed="1" failed="0" skipped="0">
  <reporter-output>
  </reporter-output>
  <suite started-at="2020-03-27T23:34:34 IST" name="Default suite" finished-at="2020-03-27T23:34:48 IST" duration-ms="14425">
    <groups>
    </groups>
    <test started-at="2020-03-27T23:34:34 IST" name="Default test" finished-at="2020-03-27T23:34:48 IST" duration-ms="14425">
      <class name="amazon.Firefoxdriver">
        <test-method is-config="true" signature="beforetest()[pri:0, instance:amazon.Firefoxdriver@6e75aa0d]" started-at="2020-03-27T23:34:34 IST" name="beforetest" finished-at="2020-03-27T23:34:42 IST" duration-ms="8087" status="PASS">
          <reporter-output>
          </reporter-output>
        </test-method> <!-- beforetest -->
        <test-method signature="search()[pri:0, instance:amazon.Firefoxdriver@6e75aa0d]" started-at="2020-03-27T23:34:42 IST" name="search" finished-at="2020-03-27T23:34:46 IST" duration-ms="3810" status="PASS">
          <reporter-output>
          </reporter-output>
        </test-method> <!-- search -->
        <test-method is-config="true" signature="afertest()[pri:0, instance:amazon.Firefoxdriver@6e75aa0d]" started-at="2020-03-27T23:34:46 IST" name="afertest" finished-at="2020-03-27T23:34:48 IST" duration-ms="2454" status="PASS">
          <reporter-output>
          </reporter-output>
        </test-method> <!-- afertest -->
      </class> <!-- amazon.Firefoxdriver -->
    </test> <!-- Default test -->
  </suite> <!-- Default suite -->
</testng-results>
